<?xml version="1.0" encoding="UTF-8"?>
<coverage generated="1736435089830" clover="3.2.0">
  <project timestamp="1736435089830" name="All files">
    <metrics statements="17" coveredstatements="17" conditionals="5" coveredconditionals="5" methods="4" coveredmethods="4" elements="26" coveredelements="26" complexity="0" loc="17" ncloc="17" packages="1" files="2" classes="2"/>
    <file name="Book.ts" path="/Users/tsementa/Ecole/MetzNumericSchool/Master/Exercices/bouquins/src/domain/models/Book.ts">
      <metrics statements="14" coveredstatements="14" conditionals="4" coveredconditionals="4" methods="3" coveredmethods="3"/>
      <line num="3" count="1" type="stmt"/>
      <line num="9" count="5" type="stmt"/>
      <line num="10" count="5" type="stmt"/>
      <line num="11" count="5" type="stmt"/>
      <line num="15" count="5" type="cond" truecount="1" falsecount="0"/>
      <line num="16" count="1" type="stmt"/>
      <line num="19" count="4" type="cond" truecount="1" falsecount="0"/>
      <line num="20" count="1" type="stmt"/>
      <line num="23" count="3" type="stmt"/>
      <line num="24" count="3" type="stmt"/>
      <line num="28" count="2" type="cond" truecount="1" falsecount="0"/>
      <line num="29" count="1" type="stmt"/>
      <line num="32" count="1" type="stmt"/>
      <line num="33" count="1" type="stmt"/>
    </file>
    <file name="User.ts" path="/Users/tsementa/Ecole/MetzNumericSchool/Master/Exercices/bouquins/src/domain/models/User.ts">
      <metrics statements="3" coveredstatements="3" conditionals="1" coveredconditionals="1" methods="1" coveredmethods="1"/>
      <line num="3" count="1" type="stmt"/>
      <line num="8" count="5" type="stmt"/>
      <line num="9" count="5" type="stmt"/>
    </file>
  </project>
</coverage>
