TN:
SF:src/domain/models/Book.ts
FN:8,(anonymous_0)
FN:14,(anonymous_1)
FN:27,(anonymous_2)
FNF:3
FNH:3
FNDA:5,(anonymous_0)
FNDA:5,(anonymous_1)
FNDA:2,(anonymous_2)
DA:3,1
DA:9,5
DA:10,5
DA:11,5
DA:15,5
DA:16,1
DA:19,4
DA:20,1
DA:23,3
DA:24,3
DA:28,2
DA:29,1
DA:32,1
DA:33,1
LF:14
LH:14
BRDA:8,0,0,5
BRDA:15,1,0,1
BRDA:19,2,0,1
BRDA:28,3,0,1
BRF:4
BRH:4
end_of_record
TN:
SF:src/domain/models/User.ts
FN:7,(anonymous_0)
FNF:1
FNH:1
FNDA:5,(anonymous_0)
DA:3,1
DA:8,5
DA:9,5
LF:3
LH:3
BRDA:7,0,0,5
BRF:1
BRH:1
end_of_record
